<?xml version="1.0" encoding="UTF-8"?>
<!-- Generated by org.testng.reporters.JUnitXMLReporter -->
<testsuite ignored="0" hostname="LAPTOP-0SJ3B8VU" failures="2" tests="2" name="testOnChrome" time="13.571" errors="0" timestamp="27 Aug 2021 11:11:31 GMT">
  <testcase classname="com.inetbanking.testCases.TC_LoginTest_001" name="LoginTest" time="3.431">
    <failure type="java.lang.NullPointerException" message="Cannot invoke &amp;quot;org.openqa.selenium.SearchContext.findElement(org.openqa.selenium.By)&amp;quot; because &amp;quot;this.searchContext&amp;quot; is null">
      <![CDATA[java.lang.NullPointerException: Cannot invoke "org.openqa.selenium.SearchContext.findElement(org.openqa.selenium.By)" because "this.searchContext" is null
at org.openqa.selenium.support.pagefactory.DefaultElementLocator.findElement(DefaultElementLocator.java:69)
at org.openqa.selenium.support.pagefactory.internal.LocatingElementHandler.invoke(LocatingElementHandler.java:38)
at com.sun.proxy.$Proxy12.sendKeys(Unknown Source)
at com.inetbanking.pageObjects.LoginPage.loginToDemoGuruApplication(LoginPage.java:59)
at com.inetbanking.testCases.TC_LoginTest_001.LoginTest(TC_LoginTest_001.java:21)
... Removed 25 stack frames]]>
    </failure>
  </testcase> <!-- LoginTest -->
  <testcase classname="com.inetbanking.testCases.TC_RagisterUser_004" name="ragisterNewCustomer" time="6.128">
    <failure type="java.lang.NullPointerException" message="Cannot invoke &amp;quot;org.openqa.selenium.WebElement.getTagName()&amp;quot; because &amp;quot;element&amp;quot; is null">
      <![CDATA[java.lang.NullPointerException: Cannot invoke "org.openqa.selenium.WebElement.getTagName()" because "element" is null
at org.openqa.selenium.support.ui.Select.<init>(Select.java:45)
at com.inetbanking.pageObjects.Ragister.<init>(Ragister.java:108)
at com.inetbanking.testCases.TC_RagisterUser_004.ragisterNewCustomer(TC_RagisterUser_004.java:57)
... Removed 25 stack frames]]>
    </failure>
  </testcase> <!-- ragisterNewCustomer -->
</testsuite> <!-- testOnChrome -->
