<!DOCTYPE html PUBLIC "-//W3C//DTD XHTML 1.1//EN" "http://www.w3.org/TR/xhtml11/DTD/xhtml11.dtd">
<html xmlns="http://www.w3.org/1999/xhtml">
<head>
<meta http-equiv="content-type" content="text/html; charset=UTF-8"/>
<title>TestNG Report</title>
<style type="text/css">table {margin-bottom:10px;border-collapse:collapse;empty-cells:show}th,td {border:1px solid #009;padding:.25em .5em}th {vertical-align:bottom}td {vertical-align:top}table a {font-weight:bold}.stripe td {background-color: #E6EBF9}.num {text-align:right}.passedodd td {background-color: #3F3}.passedeven td {background-color: #0A0}.skippedodd td {background-color: #DDD}.skippedeven td {background-color: #CCC}.failedodd td,.attn {background-color: #F33}.failedeven td,.stripe .attn {background-color: #D00}.stacktrace {white-space:pre;font-family:monospace}.totop {font-size:85%;text-align:center;border-bottom:2px solid #000}.invisible {display:none}</style>
</head>
<body>
<table>
<tr><th>Test</th><th># Passed</th><th># Skipped</th><th># Failed</th><th>Time (ms)</th><th>Included Groups</th><th>Excluded Groups</th></tr>
<tr><th colspan="7">inetBankingDemo</th></tr>
<tr><td><a href="#t0">testOnChrome</a></td><td class="num">0</td><td class="num">0</td><td class="num attn">2</td><td class="num">13,571</td><td></td><td></td></tr>
</table>
<table id='summary'><thead><tr><th>Class</th><th>Method</th><th>Start</th><th>Time (ms)</th></tr></thead><tbody><tr><th colspan="4">inetBankingDemo</th></tr></tbody><tbody id="t0"><tr><th colspan="4">testOnChrome &#8212; failed</th></tr><tr class="failedeven"><td rowspan="1">com.inetbanking.testCases.TC_LoginTest_001</td><td><a href="#m0">LoginTest</a></td><td rowspan="1">1630062680634</td><td rowspan="1">3431</td></tr><tr class="failedodd"><td rowspan="1">com.inetbanking.testCases.TC_RagisterUser_004</td><td><a href="#m1">ragisterNewCustomer</a></td><td rowspan="1">1630062685663</td><td rowspan="1">6128</td></tr></tbody>
</table>
<h2>testOnChrome</h2><h3 id="m0">com.inetbanking.testCases.TC_LoginTest_001#LoginTest</h3><table class="result"><tr><th>Exception</th></tr><tr><td><div class="stacktrace">java.lang.NullPointerException: Cannot invoke &quot;org.openqa.selenium.SearchContext.findElement(org.openqa.selenium.By)&quot; because &quot;this.searchContext&quot; is null
	at org.openqa.selenium.support.pagefactory.DefaultElementLocator.findElement(DefaultElementLocator.java:69)
	at org.openqa.selenium.support.pagefactory.internal.LocatingElementHandler.invoke(LocatingElementHandler.java:38)
	at com.sun.proxy.$Proxy12.sendKeys(Unknown Source)
	at com.inetbanking.pageObjects.LoginPage.loginToDemoGuruApplication(LoginPage.java:59)
	at com.inetbanking.testCases.TC_LoginTest_001.LoginTest(TC_LoginTest_001.java:21)
... Removed 25 stack frames</div></td></tr></table><p class="totop"><a href="#summary">back to summary</a></p>
<h3 id="m1">com.inetbanking.testCases.TC_RagisterUser_004#ragisterNewCustomer</h3><table class="result"><tr><th>Exception</th></tr><tr><td><div class="stacktrace">java.lang.NullPointerException: Cannot invoke &quot;org.openqa.selenium.WebElement.getTagName()&quot; because &quot;element&quot; is null
	at org.openqa.selenium.support.ui.Select.&lt;init&gt;(Select.java:45)
	at com.inetbanking.pageObjects.Ragister.&lt;init&gt;(Ragister.java:108)
	at com.inetbanking.testCases.TC_RagisterUser_004.ragisterNewCustomer(TC_RagisterUser_004.java:57)
... Removed 25 stack frames</div></td></tr></table><p class="totop"><a href="#summary">back to summary</a></p>
</body>
</html>
